<?xml version="1.0" encoding="UTF-8"?>
<testng-results ignored="0" total="1" passed="1" failed="0" skipped="0">
  <reporter-output>
  </reporter-output>
  <suite started-at="2026-06-19T11:05:19 IST" name="Suite" finished-at="2026-06-19T11:05:19 IST" duration-ms="43">
    <groups>
      <group name="regression">
        <method signature="practies1test.food2test()[pri:0, instance:practies.practies1test@38c6f217]" name="food2test" class="practies.practies1test"/>
      </group> <!-- regression -->
    </groups>
    <test started-at="2026-06-19T11:05:19 IST" name="Test" finished-at="2026-06-19T11:05:19 IST" duration-ms="43">
      <class name="practies.practies1test">
        <test-method signature="food2test()[pri:0, instance:practies.practies1test@38c6f217]" started-at="2026-06-19T11:05:19 IST" name="food2test" finished-at="2026-06-19T11:05:19 IST" duration-ms="9" status="PASS">
          <reporter-output>
          </reporter-output>
        </test-method> <!-- food2test -->
      </class> <!-- practies.practies1test -->
    </test> <!-- Test -->
  </suite> <!-- Suite -->
</testng-results>
